<?xml version="1.0" encoding="UTF-8"?>
<testsuite xmlns:xsi="http://www.w3.org/2001/XMLSchema-instance" xsi:noNamespaceSchemaLocation="https://maven.apache.org/surefire/maven-surefire-plugin/xsd/surefire-test-report.xsd" name="MyTest" time="0.021" tests="28" errors="0" skipped="0" failures="0">
  <properties>
[...]
</properties>
  <testcase name="BaccaratDealerConstructor01" classname="MyTest" time="0.008"/>
  <testcase name="WhoWon01" classname="MyTest" time="0"/>
  <testcase name="WhoWon02" classname="MyTest" time="0.001"/>
  <testcase name="DealHand01" classname="MyTest" time="0"/>
  <testcase name="DealHand02" classname="MyTest" time="0.001"/>
  <testcase name="CardConstructor01" classname="MyTest" time="0"/>
  <testcase name="CardConstructor02" classname="MyTest" time="0"/>
  <testcase name="EvaluateBankerDraw01" classname="MyTest" time="0.001"/>
  <testcase name="EvaluateBankerDraw02" classname="MyTest" time="0"/>
  <testcase name="GetValue01" classname="MyTest" time="0"/>
  <testcase name="GetValue02" classname="MyTest" time="0.001"/>
  <testcase name="HandTotal01" classname="MyTest" time="0"/>
  <testcase name="HandTotal02" classname="MyTest" time="0"/>
  <testcase name="HandTotal03" classname="MyTest" time="0"/>
  <testcase name="ShuffleDeck01" classname="MyTest" time="0"/>
  <testcase name="ShuffleDeck02" classname="MyTest" time="0.001"/>
  <testcase name="GenerateDeck01" classname="MyTest" time="0"/>
  <testcase name="GenerateDeck02" classname="MyTest" time="0"/>
  <testcase name="EvaluatePlayerDraw01" classname="MyTest" time="0"/>
  <testcase name="EvaluatePlayerDraw02" classname="MyTest" time="0"/>
  <testcase name="DeckSize01" classname="MyTest" time="0"/>
  <testcase name="DeckSize02" classname="MyTest" time="0"/>
  <testcase name="GetSuite01" classname="MyTest" time="0"/>
  <testcase name="GetSuite02" classname="MyTest" time="0"/>
  <testcase name="EvaluateWinnings01" classname="MyTest" time="0"/>
  <testcase name="EvaluateWinnings02" classname="MyTest" time="0"/>
  <testcase name="DrawOne01" classname="MyTest" time="0"/>
  <testcase name="DrawOne02" classname="MyTest" time="0"/>
</testsuite>